[debug] [2022-05-03T15:17:38.266Z] ----------------------------------------------------------------------
[debug] [2022-05-03T15:17:38.268Z] Command:       C:\Program Files\nodejs\node.exe C:\Users\Waseem Abdullahi\AppData\Roaming\npm\node_modules\firebase-tools\lib\bin\firebase.js deploy
[debug] [2022-05-03T15:17:38.268Z] CLI Version:   10.7.1
[debug] [2022-05-03T15:17:38.269Z] Platform:      win32
[debug] [2022-05-03T15:17:38.269Z] Node Version:  v16.14.2
[debug] [2022-05-03T15:17:38.270Z] Time:          Tue May 03 2022 19:47:38 GMT+0430 (Afghanistan Time)
[debug] [2022-05-03T15:17:38.270Z] ----------------------------------------------------------------------
[debug] 
[debug] [2022-05-03T15:17:38.351Z] > command requires scopes: ["email","openid","https://www.googleapis.com/auth/cloudplatformprojects.readonly","https://www.googleapis.com/auth/firebase","https://www.googleapis.com/auth/cloud-platform"]
[debug] [2022-05-03T15:17:38.351Z] > authorizing via signed-in user (waseem.abdullahi@gmail.com)
[debug] [2022-05-03T15:17:38.352Z] [iam] checking project ensancheck for permissions ["firebase.projects.get","firebasehosting.sites.update"]
[debug] [2022-05-03T15:17:38.355Z] >>> [apiv2][query] POST https://cloudresourcemanager.googleapis.com/v1/projects/ensancheck:testIamPermissions [none]
[debug] [2022-05-03T15:17:38.355Z] >>> [apiv2][body] POST https://cloudresourcemanager.googleapis.com/v1/projects/ensancheck:testIamPermissions {"permissions":["firebase.projects.get","firebasehosting.sites.update"]}
[debug] [2022-05-03T15:17:40.493Z] <<< [apiv2][status] POST https://cloudresourcemanager.googleapis.com/v1/projects/ensancheck:testIamPermissions 200
[debug] [2022-05-03T15:17:40.493Z] <<< [apiv2][body] POST https://cloudresourcemanager.googleapis.com/v1/projects/ensancheck:testIamPermissions {"permissions":["firebase.projects.get","firebasehosting.sites.update"]}
[debug] [2022-05-03T15:17:40.494Z] >>> [apiv2][query] GET https://firebase.googleapis.com/v1beta1/projects/ensancheck [none]
[debug] [2022-05-03T15:17:42.012Z] <<< [apiv2][status] GET https://firebase.googleapis.com/v1beta1/projects/ensancheck 200
[debug] [2022-05-03T15:17:42.012Z] <<< [apiv2][body] GET https://firebase.googleapis.com/v1beta1/projects/ensancheck {"projectId":"ensancheck","projectNumber":"870711748566","displayName":"Ensan Publishers","name":"projects/ensancheck","resources":{"hostingSite":"ensancheck"},"state":"ACTIVE"}
[info] 
[info] === Deploying to 'ensancheck'...
[info] 
[info] i  deploying hosting 
[debug] [2022-05-03T15:17:42.016Z] >>> [apiv2][query] GET https://firebase.googleapis.com/v1beta1/projects/ensancheck [none]
[debug] [2022-05-03T15:17:43.658Z] <<< [apiv2][status] GET https://firebase.googleapis.com/v1beta1/projects/ensancheck 200
[debug] [2022-05-03T15:17:43.659Z] <<< [apiv2][body] GET https://firebase.googleapis.com/v1beta1/projects/ensancheck {"projectId":"ensancheck","projectNumber":"870711748566","displayName":"Ensan Publishers","name":"projects/ensancheck","resources":{"hostingSite":"ensancheck"},"state":"ACTIVE"}
[debug] [2022-05-03T15:17:43.663Z] >>> [apiv2][query] POST https://firebasehosting.googleapis.com/v1beta1/projects/870711748566/sites/ensancheck/versions [none]
[debug] [2022-05-03T15:17:43.663Z] >>> [apiv2][body] POST https://firebasehosting.googleapis.com/v1beta1/projects/870711748566/sites/ensancheck/versions {"config":{"rewrites":[{"glob":"**","path":"/index.html"}]},"labels":{"deployment-tool":"cli-firebase"}}
[debug] [2022-05-03T15:17:46.281Z] <<< [apiv2][status] POST https://firebasehosting.googleapis.com/v1beta1/projects/870711748566/sites/ensancheck/versions 200
[debug] [2022-05-03T15:17:46.281Z] <<< [apiv2][body] POST https://firebasehosting.googleapis.com/v1beta1/projects/870711748566/sites/ensancheck/versions {"name":"projects/870711748566/sites/ensancheck/versions/30a720438a97e4c5","status":"CREATED","config":{"rewrites":[{"glob":"**","path":"/index.html"}]},"labels":{"deployment-tool":"cli-firebase"}}
[info] i  hosting[ensancheck]: beginning deploy... 
[info] i  hosting[ensancheck]: found 63 files in build 
[debug] [2022-05-03T15:17:46.307Z] [hosting] uploading with 200 concurrency
[debug] [2022-05-03T15:17:46.679Z] [hosting] hash cache [YnVpbGQ] stored for 63 files
[debug] [2022-05-03T15:17:46.679Z] [hosting][hash queue][FINAL] {"max":365,"min":9,"avg":72.55555555555556,"active":0,"complete":63,"success":63,"errored":0,"retried":0,"total":63,"elapsed":371}
[debug] [2022-05-03T15:17:46.680Z] >>> [apiv2][query] POST https://firebasehosting.googleapis.com/v1beta1/projects/870711748566/sites/ensancheck/versions/30a720438a97e4c5:populateFiles [none]
[debug] [2022-05-03T15:17:46.680Z] >>> [apiv2][body] POST https://firebasehosting.googleapis.com/v1beta1/projects/870711748566/sites/ensancheck/versions/30a720438a97e4c5:populateFiles {"files":{"/404.html":"daa499dd96d8229e73235345702ba32f0793f0c8e5c0d30e40e37a5872be57aa","/favicon.ico":"afacea3dc7bbbff087aadab3058322e594d388c7fdf56ab2afc09a49458a82d5","/favicon.png":"8c33de5a929e53aa06c53cb23184e57a3e9544a1a60c2836611b1ba20de34c5a","/logos.jpg":"9a29e6fc0b2c4c71e76c7f6a35a04fb1f5d7e050e861b5a54fda845d93428420","/asset-manifest.json":"4033b4364b2e2e072eb35632ee25359ec52f033b9565f1eed0352bf8bf18aa35","/index.html":"e49d771d39e9690882d6533211b7bcdcdc2581dd23912797713d94721367a755","/static/css/main.7244dca7.chunk.css":"dbdd0e36767cc49ccf59edef64e98229e0ff49cc6bda62a8d42dde879fded282","/static/js/2.e50f928b.chunk.js.LICENSE.txt":"132225ccde29cd5d109e9cb654fe5c71dae0f6e68fd947bcc06149f81e369ebc","/static/css/main.7244dca7.chunk.css.map":"af1f2a875e435c291e8427499b5d86887609b5e6adf6a4223bcac307ea7e5c09","/static/js/runtime-main.a04e2fb4.js":"2d3d62550da58a18a91812cb4a914880774e8b6bcccd844503e6e20c06647421","/static/js/runtime-main.a04e2fb4.js.map":"1b5f4a5510e32c153cad5bd11b6ac645c85021e9b0e9330b8a12a7b7b71f4811","/static/media/Amazon.082088eb.svg":"a88745fecdf65432ee04fd97dfee1e43a4492af0a50f3abd63f67a16bef45d4b","/static/media/BTitrBold.3209a92b.ttf":"6330ca34eb0536083960590c2430acb090f3e0855b96f2c84f9e8561f7878158","/static/media/Nazaria.262d519e.jpg":"7513284d8443cf557bafa1e0bf98d7c269df080a92537857970a1605ffef01f9","/static/media/buylogo.90df48f4.png":"d71f754973c1daf45781949a4f399cf9408b01c303ab689332458120145f8d59","/static/media/Erfan.7380cc19.jpg":"07b8c0adfee84e623e1645b6ff412a492ab1b7ce3f426eb4476a21a454600959","/static/media/ecomm3.31c98929.svg":"5668d68b303e1c2b16b6f241a1638b8f6e62a8dcdde892846794451bf3b11f53","/static/media/logo21.d22690ad.png":"00efd684e8758ce2c007f7e1fa2f87e2e7a8976256a2efb5a638d5ee58034619","/static/media/ecomm2.b6aee1d3.svg":"57882e903c7391e5f2b4aad6aae31435e32c892855774b3421d87d0d29e883bc","/static/media/logo3.24b2ee10.png":"3f567974b4523e80ca6b12c5153e106bdfa1cec9f470a65f9d9554fd6cb2dcc1","/static/media/logo2.ea9ec5cb.png":"2a2082a1e4bbcc4abeacb1f99041e8099828e0fdf9d8c90978f0d7188e8840c5","/static/media/Manteq.763dba7c.jpg":"8f42571770dee4431b5d25d5af903f23ccdd24bf4dda3dcabc4f30687cdb8b94","/static/media/AyeenZahidFront.840378c1.jpg":"a401462fdf3cd40beec7fb230494da274c9d8677da9489fc384d8dc2618e0b3f","/static/media/BedilVol4.ee3d9859.jpg":"cf5c2a3f607f284cb2e5fcddc775fa9944dab58700c615a7489814a6f881bbe9","/static/media/BedilVol41.fe629bc3.jpg":"24a85d2f4c3914fb2eef636b6ea653448e2557a0deb294780cd5592dee1b5ab9","/static/media/404.c90b1659.svg":"2131789ad89a344d3922761c9d6daf7a63b6ac24b41bcff80325583f76906635","/static/media/Didgah.ae98c02d.jpg":"a9522e4f4198af4d2e31006b6e406929dbd22b1f3a9ad1d4e59f69d6b2f0b3d7","/static/media/Erfan2.6d13386b.jpg":"95ba3b0ec0227cb2ea2d9f0101d92904a9a12aeb1c6c37b5038ee003e092d072","/static/media/PayPal.46367b38.svg":"bb044fddcf0246d46904cdcfdeef859f8cce18a24a2664d5ca8357e77b6a27b9","/static/media/Manteq2.2cb98a29.jpg":"0f9da2b3a2e0082fe97bc3a172f89ce39a27a4283eaf7ae8c0d8095d9875f0da","/static/media/4.8a46c68a.jpg":"ca21bfbae66abacb4c9f86f4ce924ef3567a6488d19a5f60174a280e892bd106","/static/media/Didgah2.36d920cd.jpg":"a2783ca013ecf5c4179b21312e01e6246bd5070c0735abfc82fa7a0fd658eaa8","/static/media/3.94bd0931.jpg":"fb818143d20c67fb80c7e597d1483a75247b732e08fc4b2b3dc61e49f1144cfd","/static/media/Ayeen2.0aef6693.jpg":"e1329684b05dacc2b59a7fcfc86a82f092d1c41cad7287b64d369e679d03cb87","/static/media/BedilVol2.9fd9fe8b.jpg":"c9113d32d01095526c5e7109f69093c613f44f28535890749c8403644009be0c","/static/media/BedilVol32.779d6f6b.jpg":"13715b531425a9aaabacc22b8af5735c6d101cc208564b00b928fb324f6aad4b","/static/media/Majmo.a6db4a2d.jpg":"a557dfd95aaafd677b35640e71057627c046d335f9246412011d4527bbdfb3ac","/static/media/Vazir.a30b9598.woff":"71264c0f92771dd6757f89429b4f58be91e1ecd970230b34fe877bafe9ce6a09","/static/media/1.e8db758d.jpg":"f24410126753a404b46381f512c4a6579598604466d32b96fa8dfaf82a250639","/static/media/BedilVol12.900d89c5.jpg":"fad89a99c1da99d954eeb1a1578960bb0853044ca3517ec61203da90033ed94a","/static/media/BedilVol1.2fe8173b.jpg":"d3ef71535e2d00a5a2c0007ce8d0632a7f31a6f3d793df6d3ac929bf10d78ad7","/static/media/BedilVol3.2a88f6bc.jpg":"a5a7f994c71a577dc0832599577a0eaa26019febbc2a3e1ee3d59d02636acaee","/static/media/BedilVol22.1f597d6a.jpg":"8b1bf27fb223245d90900516070b62821bedc7e6dddf4bec0d4837431c84a774","/static/media/Daramadi.3724206b.jpg":"c5ea239ca11c0f9afa8604ffd5b366ea636f8bf21f6d2fe8726e7da508e101c3","/static/media/Majmo2.9e81fe25.jpg":"092b2bee233d733a091f6093354c1adf12fb5c2a9e5bd32f57a178cd5eb6a478","/static/media/2.2c947b44.jpg":"f6921b19453587921c0151d1768c33b873ffc7db1d7f7e50527d5750477e2efe","/static/js/main.cd686af0.chunk.js.map":"b91973cec4185f684adbb91dd3b8018bd8c5cf412fefaf1de3b3d7af4115fb64","/static/media/Vol4.81450e16.jpg":"a262fad50267beb05cf4e4015b95d1401f7088823d3b3196d74989247da8923e","/static/media/Elyas1.a2cc5b69.jpg":"5e57f00f503ca8492aaab64e71dfc0e5bdcffa4153b4fbe9f91b5245697520c1","/static/media/Daramadi2.428e8c24.jpg":"02b5a9f00a36e5a852740f7162dbed0d7b712e513618aab0aab3b93b14346e74","/static/media/Vazir.8698ab71.ttf":"792e2bc93d56a9751c52eebb93cbf59b0562042b10bb236d4937816e65147a84","/static/media/Rohe2.22df62fd.jpg":"f6ecc459423c372f8c4fb4dbed8e4ffa88c5cd16ebf09fb38f8374711052c82c","/static/media/Rohe.426bda8f.jpg":"5d64ebda8361e1386227d732b8e54f5592d2ec0db87bd0e99b758e2ecd6e48a4","/static/media/program.da10699e.svg":"af0a13e7dd3b032398777315245249aa176700891fd07d3dfb200d18b6d5d688","/static/js/main.cd686af0.chunk.js":"b2a710b29cda012536b53fca5ddd5805de4bb733a4ac3e4b4c22ad1fb4b53ed4","/static/media/Elyas.92d5d45c.jpg":"6eef929b294a1694e93d7344df0c7aa2c3e1ecf906868407db835c3868475131","/static/media/ostad1.fdfcfa86.jpg":"4ea6a618c9fc3088ee874c1cd1dc2857e33f937bb0472f05cd36bfa47b96b982","/static/media/VxBas.9b22806d.ttf":"09a08195fb57bbc68a22f8a10219398b0211f271264fd12bc34f5535efbec64b","/static/media/ostad.c9e1deb4.jpg":"f8d1cb3f95f750493c470ea2ffc17835d11cd0630b836b75a48b09f67458e495","/static/media/Kawishwriting.f1daa53a.jpg":"c375a169774a5f2f030b35dd99061d39edc827918ae716f258a97fe9354fe23d","/static/media/Background.b5793fa7.jpg":"b629cca5c928bda52a5e127842ae71dd49f5f5d646a635a8b351b2daae9ff3ce","/static/js/2.e50f928b.chunk.js":"a33f574c7ab21a327629fc76dd6a04d52dc4ed8381a0ec765b8f0bb4c2ad194d","/static/js/2.e50f928b.chunk.js.map":"ca8831681df89944d957a944989b420d7a121bba0a0ab404c5a79ad13b608c21"}}
[debug] [2022-05-03T15:17:49.254Z] <<< [apiv2][status] POST https://firebasehosting.googleapis.com/v1beta1/projects/870711748566/sites/ensancheck/versions/30a720438a97e4c5:populateFiles 200
[debug] [2022-05-03T15:17:49.254Z] <<< [apiv2][body] POST https://firebasehosting.googleapis.com/v1beta1/projects/870711748566/sites/ensancheck/versions/30a720438a97e4c5:populateFiles {"uploadRequiredHashes":["b91973cec4185f684adbb91dd3b8018bd8c5cf412fefaf1de3b3d7af4115fb64","b2a710b29cda012536b53fca5ddd5805de4bb733a4ac3e4b4c22ad1fb4b53ed4","e49d771d39e9690882d6533211b7bcdcdc2581dd23912797713d94721367a755","4033b4364b2e2e072eb35632ee25359ec52f033b9565f1eed0352bf8bf18aa35"],"uploadUrl":"https://upload-firebasehosting.googleapis.com/upload/sites/ensancheck/versions/30a720438a97e4c5/files"}
[debug] [2022-05-03T15:17:49.255Z] >>> [apiv2][query] POST https://upload-firebasehosting.googleapis.com/upload/sites/ensancheck/versions/30a720438a97e4c5/files/b91973cec4185f684adbb91dd3b8018bd8c5cf412fefaf1de3b3d7af4115fb64 [none]
[debug] [2022-05-03T15:17:49.255Z] >>> [apiv2][body] POST https://upload-firebasehosting.googleapis.com/upload/sites/ensancheck/versions/30a720438a97e4c5/files/b91973cec4185f684adbb91dd3b8018bd8c5cf412fefaf1de3b3d7af4115fb64 [stream]
[debug] [2022-05-03T15:17:49.257Z] >>> [apiv2][query] POST https://upload-firebasehosting.googleapis.com/upload/sites/ensancheck/versions/30a720438a97e4c5/files/b2a710b29cda012536b53fca5ddd5805de4bb733a4ac3e4b4c22ad1fb4b53ed4 [none]
[debug] [2022-05-03T15:17:49.257Z] >>> [apiv2][body] POST https://upload-firebasehosting.googleapis.com/upload/sites/ensancheck/versions/30a720438a97e4c5/files/b2a710b29cda012536b53fca5ddd5805de4bb733a4ac3e4b4c22ad1fb4b53ed4 [stream]
[debug] [2022-05-03T15:17:49.257Z] >>> [apiv2][query] POST https://upload-firebasehosting.googleapis.com/upload/sites/ensancheck/versions/30a720438a97e4c5/files/e49d771d39e9690882d6533211b7bcdcdc2581dd23912797713d94721367a755 [none]
[debug] [2022-05-03T15:17:49.257Z] >>> [apiv2][body] POST https://upload-firebasehosting.googleapis.com/upload/sites/ensancheck/versions/30a720438a97e4c5/files/e49d771d39e9690882d6533211b7bcdcdc2581dd23912797713d94721367a755 [stream]
[debug] [2022-05-03T15:17:49.258Z] >>> [apiv2][query] POST https://upload-firebasehosting.googleapis.com/upload/sites/ensancheck/versions/30a720438a97e4c5/files/4033b4364b2e2e072eb35632ee25359ec52f033b9565f1eed0352bf8bf18aa35 [none]
[debug] [2022-05-03T15:17:49.258Z] >>> [apiv2][body] POST https://upload-firebasehosting.googleapis.com/upload/sites/ensancheck/versions/30a720438a97e4c5/files/4033b4364b2e2e072eb35632ee25359ec52f033b9565f1eed0352bf8bf18aa35 [stream]
[debug] [2022-05-03T15:17:49.259Z] [hosting][populate queue][FINAL] {"max":2578,"min":2578,"avg":2578,"active":0,"complete":1,"success":1,"errored":0,"retried":0,"total":1,"elapsed":2582}
[debug] [2022-05-03T15:17:49.259Z] [hosting] uploads queued: 4
[debug] [2022-05-03T15:17:52.514Z] <<< [apiv2][status] POST https://upload-firebasehosting.googleapis.com/upload/sites/ensancheck/versions/30a720438a97e4c5/files/b91973cec4185f684adbb91dd3b8018bd8c5cf412fefaf1de3b3d7af4115fb64 200
[debug] [2022-05-03T15:17:52.515Z] <<< [apiv2][body] POST https://upload-firebasehosting.googleapis.com/upload/sites/ensancheck/versions/30a720438a97e4c5/files/b91973cec4185f684adbb91dd3b8018bd8c5cf412fefaf1de3b3d7af4115fb64 [stream]
[debug] [2022-05-03T15:17:52.803Z] <<< [apiv2][status] POST https://upload-firebasehosting.googleapis.com/upload/sites/ensancheck/versions/30a720438a97e4c5/files/4033b4364b2e2e072eb35632ee25359ec52f033b9565f1eed0352bf8bf18aa35 200
[debug] [2022-05-03T15:17:52.803Z] <<< [apiv2][body] POST https://upload-firebasehosting.googleapis.com/upload/sites/ensancheck/versions/30a720438a97e4c5/files/4033b4364b2e2e072eb35632ee25359ec52f033b9565f1eed0352bf8bf18aa35 [stream]
[debug] [2022-05-03T15:17:53.144Z] <<< [apiv2][status] POST https://upload-firebasehosting.googleapis.com/upload/sites/ensancheck/versions/30a720438a97e4c5/files/e49d771d39e9690882d6533211b7bcdcdc2581dd23912797713d94721367a755 200
[debug] [2022-05-03T15:17:53.144Z] <<< [apiv2][body] POST https://upload-firebasehosting.googleapis.com/upload/sites/ensancheck/versions/30a720438a97e4c5/files/e49d771d39e9690882d6533211b7bcdcdc2581dd23912797713d94721367a755 [stream]
[debug] [2022-05-03T15:17:53.409Z] <<< [apiv2][status] POST https://upload-firebasehosting.googleapis.com/upload/sites/ensancheck/versions/30a720438a97e4c5/files/b2a710b29cda012536b53fca5ddd5805de4bb733a4ac3e4b4c22ad1fb4b53ed4 200
[debug] [2022-05-03T15:17:53.409Z] <<< [apiv2][body] POST https://upload-firebasehosting.googleapis.com/upload/sites/ensancheck/versions/30a720438a97e4c5/files/b2a710b29cda012536b53fca5ddd5805de4bb733a4ac3e4b4c22ad1fb4b53ed4 [stream]
[debug] [2022-05-03T15:17:53.410Z] [hosting][upload queue][FINAL] {"max":4155,"min":3260,"avg":3713,"active":0,"complete":4,"success":4,"errored":0,"retried":0,"total":4,"elapsed":4155}
[info] +  hosting[ensancheck]: file upload complete 
[debug] [2022-05-03T15:17:53.411Z] [hosting] deploy completed after 7129ms
[debug] [2022-05-03T15:17:53.414Z] [
  {
    "config": {
      "public": "build",
      "ignore": [
        "firebase.json",
        "**/.*",
        "**/node_modules/**"
      ],
      "rewrites": [
        {
          "source": "**",
          "destination": "/index.html"
        }
      ],
      "site": "ensancheck"
    },
    "site": "ensancheck",
    "version": "projects/870711748566/sites/ensancheck/versions/30a720438a97e4c5"
  }
]
[info] i  hosting[ensancheck]: finalizing version... 
[debug] [2022-05-03T15:17:53.416Z] >>> [apiv2][query] PATCH https://firebasehosting.googleapis.com/v1beta1/projects/870711748566/sites/ensancheck/versions/30a720438a97e4c5 updateMask=status%2Cconfig
[debug] [2022-05-03T15:17:53.416Z] >>> [apiv2][body] PATCH https://firebasehosting.googleapis.com/v1beta1/projects/870711748566/sites/ensancheck/versions/30a720438a97e4c5 {"status":"FINALIZED","config":{"rewrites":[{"glob":"**","path":"/index.html"}]}}
[debug] [2022-05-03T15:17:55.783Z] <<< [apiv2][status] PATCH https://firebasehosting.googleapis.com/v1beta1/projects/870711748566/sites/ensancheck/versions/30a720438a97e4c5 200
[debug] [2022-05-03T15:17:55.783Z] <<< [apiv2][body] PATCH https://firebasehosting.googleapis.com/v1beta1/projects/870711748566/sites/ensancheck/versions/30a720438a97e4c5 {"name":"projects/870711748566/sites/ensancheck/versions/30a720438a97e4c5","status":"FINALIZED","config":{"rewrites":[{"glob":"**","path":"/index.html"}]},"labels":{"deployment-tool":"cli-firebase"},"createTime":"2022-05-03T15:17:46.297339Z","createUser":{"email":"Waseem.abdullahi@gmail.com"},"finalizeTime":"2022-05-03T15:17:56.065650Z","finalizeUser":{"email":"Waseem.abdullahi@gmail.com"}}
[debug] [2022-05-03T15:17:55.783Z] [hosting] finalized version for ensancheck:[object Object]
[info] +  hosting[ensancheck]: version finalized 
[info] i  hosting[ensancheck]: releasing new version... 
[debug] [2022-05-03T15:17:55.785Z] >>> [apiv2][query] POST https://firebasehosting.googleapis.com/v1beta1/projects/870711748566/sites/ensancheck/releases versionName=projects%2F870711748566%2Fsites%2Fensancheck%2Fversions%2F30a720438a97e4c5
[debug] [2022-05-03T15:17:55.785Z] >>> [apiv2][body] POST https://firebasehosting.googleapis.com/v1beta1/projects/870711748566/sites/ensancheck/releases {"message":null}
[debug] [2022-05-03T15:17:58.176Z] <<< [apiv2][status] POST https://firebasehosting.googleapis.com/v1beta1/projects/870711748566/sites/ensancheck/releases 200
[debug] [2022-05-03T15:17:58.176Z] <<< [apiv2][body] POST https://firebasehosting.googleapis.com/v1beta1/projects/870711748566/sites/ensancheck/releases {"name":"projects/870711748566/sites/ensancheck/releases/1651591077901741","version":{"name":"projects/870711748566/sites/ensancheck/versions/30a720438a97e4c5","status":"FINALIZED","config":{"rewrites":[{"glob":"**","path":"/index.html"}]},"labels":{"deployment-tool":"cli-firebase"},"createTime":"2022-05-03T15:17:46.297339Z","createUser":{"email":"Waseem.abdullahi@gmail.com","imageUrl":"https://lh3.googleusercontent.com/a-/AOh14Gi1CSs2KGqd4kDZUdtW6K-Rpa5zNQCwggi5DXQReQ"},"finalizeTime":"2022-05-03T15:17:56.065650Z","finalizeUser":{"email":"Waseem.abdullahi@gmail.com","imageUrl":"https://lh3.googleusercontent.com/a-/AOh14Gi1CSs2KGqd4kDZUdtW6K-Rpa5zNQCwggi5DXQReQ"}},"type":"DEPLOY","releaseTime":"2022-05-03T15:17:57.901741331Z","releaseUser":{"email":"Waseem.abdullahi@gmail.com","imageUrl":"https://lh3.googleusercontent.com/a-/AOh14Gi1CSs2KGqd4kDZUdtW6K-Rpa5zNQCwggi5DXQReQ"}}
[debug] [2022-05-03T15:17:58.177Z] [hosting] release: {"name":"projects/870711748566/sites/ensancheck/releases/1651591077901741","version":{"name":"projects/870711748566/sites/ensancheck/versions/30a720438a97e4c5","status":"FINALIZED","config":{"rewrites":[{"glob":"**","path":"/index.html"}]},"labels":{"deployment-tool":"cli-firebase"},"createTime":"2022-05-03T15:17:46.297339Z","createUser":{"email":"Waseem.abdullahi@gmail.com","imageUrl":"https://lh3.googleusercontent.com/a-/AOh14Gi1CSs2KGqd4kDZUdtW6K-Rpa5zNQCwggi5DXQReQ"},"finalizeTime":"2022-05-03T15:17:56.065650Z","finalizeUser":{"email":"Waseem.abdullahi@gmail.com","imageUrl":"https://lh3.googleusercontent.com/a-/AOh14Gi1CSs2KGqd4kDZUdtW6K-Rpa5zNQCwggi5DXQReQ"}},"type":"DEPLOY","releaseTime":"2022-05-03T15:17:57.901741331Z","releaseUser":{"email":"Waseem.abdullahi@gmail.com","imageUrl":"https://lh3.googleusercontent.com/a-/AOh14Gi1CSs2KGqd4kDZUdtW6K-Rpa5zNQCwggi5DXQReQ"}}
[info] +  hosting[ensancheck]: release complete 
[info] 
[info] +  Deploy complete! 
[info] 
[info] Project Console: https://console.firebase.google.com/project/ensancheck/overview
[info] Hosting URL: https://ensancheck.web.app
